<?xml version="1.0" encoding="UTF-8"?>
<testsuite xmlns:xsi="http://www.w3.org/2001/XMLSchema-instance" xsi:noNamespaceSchemaLocation="https://maven.apache.org/surefire/maven-surefire-plugin/xsd/surefire-test-report-3.0.xsd" version="3.0" name="org.example.processors.SaveToGoogleDrive.SaveToGoogleDriveTest" time="0.33" tests="1" errors="0" skipped="0" failures="0">
  <properties>
    <property name="sun.desktop" value="windows"/>
    <property name="awt.toolkit" value="sun.awt.windows.WToolkit"/>
    <property name="java.specification.version" value="11"/>
    <property name="sun.cpu.isalist" value="amd64"/>
    <property name="sun.jnu.encoding" value="Cp1252"/>
    <property name="java.class.path" value="F:\thesis\CustomProcessor\SaveToGoogleDrive\nifi-SaveToGoogleDrive-processors\target\test-classes;F:\thesis\CustomProcessor\SaveToGoogleDrive\nifi-SaveToGoogleDrive-processors\target\classes;C:\Users\datng\.m2\repository\org\apache\nifi\nifi-api\1.19.1\nifi-api-1.19.1.jar;C:\Users\datng\.m2\repository\org\apache\nifi\nifi-utils\1.19.1\nifi-utils-1.19.1.jar;C:\Users\datng\.m2\repository\jakarta\xml\bind\jakarta.xml.bind-api\2.3.3\jakarta.xml.bind-api-2.3.3.jar;C:\Users\datng\.m2\repository\jakarta\activation\jakarta.activation-api\1.2.2\jakarta.activation-api-1.2.2.jar;C:\Users\datng\.m2\repository\org\glassfish\jaxb\jaxb-runtime\2.3.5\jaxb-runtime-2.3.5.jar;C:\Users\datng\.m2\repository\org\glassfish\jaxb\txw2\2.3.5\txw2-2.3.5.jar;C:\Users\datng\.m2\repository\com\sun\istack\istack-commons-runtime\3.0.12\istack-commons-runtime-3.0.12.jar;C:\Users\datng\.m2\repository\com\sun\activation\jakarta.activation\1.2.2\jakarta.activation-1.2.2.jar;C:\Users\datng\.m2\repository\org\apache\nifi\nifi-mock\1.19.1\nifi-mock-1.19.1.jar;C:\Users\datng\.m2\repository\org\apache\nifi\nifi-framework-api\1.19.1\nifi-framework-api-1.19.1.jar;C:\Users\datng\.m2\repository\org\apache\nifi\nifi-parameter\1.19.1\nifi-parameter-1.19.1.jar;C:\Users\datng\.m2\repository\org\apache\nifi\nifi-framework-core-api\1.19.1\nifi-framework-core-api-1.19.1.jar;C:\Users\datng\.m2\repository\org\apache\nifi\nifi-framework-nar-utils\1.19.1\nifi-framework-nar-utils-1.19.1.jar;C:\Users\datng\.m2\repository\org\apache\nifi\nifi-runtime-manifest-core\1.19.1\nifi-runtime-manifest-core-1.19.1.jar;C:\Users\datng\.m2\repository\org\apache\nifi\nifi-extension-manifest-model\1.19.1\nifi-extension-manifest-model-1.19.1.jar;C:\Users\datng\.m2\repository\org\apache\nifi\nifi-extension-manifest-parser\1.19.1\nifi-extension-manifest-parser-1.19.1.jar;C:\Users\datng\.m2\repository\org\apache\nifi\nifi-client-dto\1.19.1\nifi-client-dto-1.19.1.jar;C:\Users\datng\.m2\repository\io\swagger\swagger-annotations\1.6.6\swagger-annotations-1.6.6.jar;C:\Users\datng\.m2\repository\org\apache\nifi\c2-protocol-component-api\1.19.1\c2-protocol-component-api-1.19.1.jar;C:\Users\datng\.m2\repository\org\apache\nifi\nifi-site-to-site-client\1.19.1\nifi-site-to-site-client-1.19.1.jar;C:\Users\datng\.m2\repository\org\apache\nifi\nifi-security-utils\1.19.1\nifi-security-utils-1.19.1.jar;C:\Users\datng\.m2\repository\org\apache\nifi\nifi-deprecation-log\1.19.1\nifi-deprecation-log-1.19.1.jar;C:\Users\datng\.m2\repository\org\bouncycastle\bcprov-jdk18on\1.71\bcprov-jdk18on-1.71.jar;C:\Users\datng\.m2\repository\org\bouncycastle\bcpkix-jdk18on\1.71\bcpkix-jdk18on-1.71.jar;C:\Users\datng\.m2\repository\org\bouncycastle\bcutil-jdk18on\1.71\bcutil-jdk18on-1.71.jar;C:\Users\datng\.m2\repository\org\apache\nifi\nifi-properties\1.19.1\nifi-properties-1.19.1.jar;C:\Users\datng\.m2\repository\org\apache\nifi\nifi-property-utils\1.19.1\nifi-property-utils-1.19.1.jar;C:\Users\datng\.m2\repository\at\favre\lib\bcrypt\0.9.0\bcrypt-0.9.0.jar;C:\Users\datng\.m2\repository\at\favre\lib\bytes\1.3.0\bytes-1.3.0.jar;C:\Users\datng\.m2\repository\org\apache\nifi\nifi-security-utils-api\1.19.1\nifi-security-utils-api-1.19.1.jar;C:\Users\datng\.m2\repository\org\apache\nifi\nifi-security-ssl\1.19.1\nifi-security-ssl-1.19.1.jar;C:\Users\datng\.m2\repository\org\apache\nifi\nifi-xml-processing\1.19.1\nifi-xml-processing-1.19.1.jar;C:\Users\datng\.m2\repository\org\apache\httpcomponents\client5\httpclient5\5.0-beta4\httpclient5-5.0-beta4.jar;C:\Users\datng\.m2\repository\org\apache\httpcomponents\core5\httpcore5\5.0-beta7\httpcore5-5.0-beta7.jar;C:\Users\datng\.m2\repository\org\apache\httpcomponents\core5\httpcore5-h2\5.0-beta7\httpcore5-h2-5.0-beta7.jar;C:\Users\datng\.m2\repository\org\apache\httpcomponents\httpasyncclient\4.1.5\httpasyncclient-4.1.5.jar;C:\Users\datng\.m2\repository\org\apache\httpcomponents\httpcore-nio\4.4.15\httpcore-nio-4.4.15.jar;C:\Users\datng\.m2\repository\javax\validation\validation-api\2.0.1.Final\validation-api-2.0.1.Final.jar;C:\Users\datng\.m2\repository\org\apache\commons\commons-lang3\3.12.0\commons-lang3-3.12.0.jar;C:\Users\datng\.m2\repository\org\apache\nifi\nifi-framework-authorization\1.19.1\nifi-framework-authorization-1.19.1.jar;C:\Users\datng\.m2\repository\org\apache\nifi\nifi-expression-language\1.19.1\nifi-expression-language-1.19.1.jar;C:\Users\datng\.m2\repository\org\antlr\antlr-runtime\3.5.2\antlr-runtime-3.5.2.jar;C:\Users\datng\.m2\repository\org\apache\nifi\nifi-uuid5\1.19.1\nifi-uuid5-1.19.1.jar;C:\Users\datng\.m2\repository\com\jayway\jsonpath\json-path\2.6.0\json-path-2.6.0.jar;C:\Users\datng\.m2\repository\net\minidev\json-smart\2.4.8\json-smart-2.4.8.jar;C:\Users\datng\.m2\repository\net\minidev\accessors-smart\2.4.8\accessors-smart-2.4.8.jar;C:\Users\datng\.m2\repository\org\ow2\asm\asm\9.1\asm-9.1.jar;C:\Users\datng\.m2\repository\org\apache\commons\commons-text\1.10.0\commons-text-1.10.0.jar;C:\Users\datng\.m2\repository\org\apache\nifi\nifi-data-provenance-utils\1.19.1\nifi-data-provenance-utils-1.19.1.jar;C:\Users\datng\.m2\repository\org\slf4j\slf4j-simple\1.7.36\slf4j-simple-1.7.36.jar;C:\Users\datng\.m2\repository\org\slf4j\slf4j-api\1.7.36\slf4j-api-1.7.36.jar;C:\Users\datng\.m2\repository\org\junit\jupiter\junit-jupiter-api\5.9.1\junit-jupiter-api-5.9.1.jar;C:\Users\datng\.m2\repository\org\opentest4j\opentest4j\1.2.0\opentest4j-1.2.0.jar;C:\Users\datng\.m2\repository\org\junit\platform\junit-platform-commons\1.9.1\junit-platform-commons-1.9.1.jar;C:\Users\datng\.m2\repository\org\apiguardian\apiguardian-api\1.1.2\apiguardian-api-1.1.2.jar;C:\Users\datng\.m2\repository\org\junit\jupiter\junit-jupiter-engine\5.9.1\junit-jupiter-engine-5.9.1.jar;C:\Users\datng\.m2\repository\org\junit\platform\junit-platform-engine\1.9.1\junit-platform-engine-1.9.1.jar;C:\Users\datng\.m2\repository\com\google\api-client\google-api-client\2.2.0\google-api-client-2.2.0.jar;C:\Users\datng\.m2\repository\commons-codec\commons-codec\1.15\commons-codec-1.15.jar;C:\Users\datng\.m2\repository\com\google\oauth-client\google-oauth-client\1.34.1\google-oauth-client-1.34.1.jar;C:\Users\datng\.m2\repository\com\google\http-client\google-http-client-gson\1.42.3\google-http-client-gson-1.42.3.jar;C:\Users\datng\.m2\repository\com\google\code\gson\gson\2.10\gson-2.10.jar;C:\Users\datng\.m2\repository\com\google\guava\guava\31.1-jre\guava-31.1-jre.jar;C:\Users\datng\.m2\repository\com\google\guava\failureaccess\1.0.1\failureaccess-1.0.1.jar;C:\Users\datng\.m2\repository\com\google\guava\listenablefuture\9999.0-empty-to-avoid-conflict-with-guava\listenablefuture-9999.0-empty-to-avoid-conflict-with-guava.jar;C:\Users\datng\.m2\repository\org\checkerframework\checker-qual\3.12.0\checker-qual-3.12.0.jar;C:\Users\datng\.m2\repository\com\google\errorprone\error_prone_annotations\2.11.0\error_prone_annotations-2.11.0.jar;C:\Users\datng\.m2\repository\com\google\j2objc\j2objc-annotations\1.3\j2objc-annotations-1.3.jar;C:\Users\datng\.m2\repository\com\google\http-client\google-http-client-apache-v2\1.42.3\google-http-client-apache-v2-1.42.3.jar;C:\Users\datng\.m2\repository\org\apache\httpcomponents\httpcore\4.4.15\httpcore-4.4.15.jar;C:\Users\datng\.m2\repository\org\apache\httpcomponents\httpclient\4.5.13\httpclient-4.5.13.jar;C:\Users\datng\.m2\repository\com\google\http-client\google-http-client\1.42.3\google-http-client-1.42.3.jar;C:\Users\datng\.m2\repository\io\opencensus\opencensus-api\0.31.1\opencensus-api-0.31.1.jar;C:\Users\datng\.m2\repository\io\grpc\grpc-context\1.27.2\grpc-context-1.27.2.jar;C:\Users\datng\.m2\repository\io\opencensus\opencensus-contrib-http-util\0.31.1\opencensus-contrib-http-util-0.31.1.jar;C:\Users\datng\.m2\repository\com\google\apis\google-api-services-drive\v3-rev20230212-2.0.0\google-api-services-drive-v3-rev20230212-2.0.0.jar;C:\Users\datng\.m2\repository\com\google\oauth-client\google-oauth-client-java6\1.34.1\google-oauth-client-java6-1.34.1.jar;C:\Users\datng\.m2\repository\com\google\oauth-client\google-oauth-client-jetty\1.34.1\google-oauth-client-jetty-1.34.1.jar;C:\Users\datng\.m2\repository\com\google\auth\google-auth-library-oauth2-http\1.16.0\google-auth-library-oauth2-http-1.16.0.jar;C:\Users\datng\.m2\repository\com\google\auto\value\auto-value-annotations\1.10.1\auto-value-annotations-1.10.1.jar;C:\Users\datng\.m2\repository\com\google\code\findbugs\jsr305\3.0.2\jsr305-3.0.2.jar;C:\Users\datng\.m2\repository\com\google\auth\google-auth-library-credentials\1.16.0\google-auth-library-credentials-1.16.0.jar;C:\Users\datng\.m2\repository\org\apache\nifi\nifi-gcp-services-api\1.19.1\nifi-gcp-services-api-1.19.1.jar;C:\Users\datng\.m2\repository\com\github\stephenc\findbugs\findbugs-annotations\1.3.9-1\findbugs-annotations-1.3.9-1.jar;C:\Users\datng\.m2\repository\com\fasterxml\jackson\core\jackson-databind\2.14.1\jackson-databind-2.14.1.jar;C:\Users\datng\.m2\repository\com\fasterxml\jackson\core\jackson-annotations\2.14.1\jackson-annotations-2.14.1.jar;C:\Users\datng\.m2\repository\com\fasterxml\jackson\core\jackson-core\2.14.1\jackson-core-2.14.1.jar;C:\Users\datng\.m2\repository\org\junit\vintage\junit-vintage-engine\5.9.1\junit-vintage-engine-5.9.1.jar;C:\Users\datng\.m2\repository\junit\junit\4.13.2\junit-4.13.2.jar;C:\Users\datng\.m2\repository\org\hamcrest\hamcrest-core\1.3\hamcrest-core-1.3.jar;C:\Users\datng\.m2\repository\org\junit\jupiter\junit-jupiter-params\5.9.1\junit-jupiter-params-5.9.1.jar;C:\Users\datng\.m2\repository\org\mockito\mockito-core\3.12.4\mockito-core-3.12.4.jar;C:\Users\datng\.m2\repository\net\bytebuddy\byte-buddy\1.11.13\byte-buddy-1.11.13.jar;C:\Users\datng\.m2\repository\net\bytebuddy\byte-buddy-agent\1.11.13\byte-buddy-agent-1.11.13.jar;C:\Users\datng\.m2\repository\org\objenesis\objenesis\3.2\objenesis-3.2.jar;C:\Users\datng\.m2\repository\org\mockito\mockito-junit-jupiter\3.12.4\mockito-junit-jupiter-3.12.4.jar;C:\Users\datng\.m2\repository\org\codehaus\groovy\groovy-test\3.0.9\groovy-test-3.0.9.jar;C:\Users\datng\.m2\repository\org\codehaus\groovy\groovy\3.0.9\groovy-3.0.9.jar;"/>
    <property name="java.vm.vendor" value="Oracle Corporation"/>
    <property name="sun.arch.data.model" value="64"/>
    <property name="user.variant" value=""/>
    <property name="java.vendor.url" value="https://openjdk.java.net/"/>
    <property name="user.timezone" value="Asia/Bangkok"/>
    <property name="java.vm.specification.version" value="11"/>
    <property name="os.name" value="Windows 11"/>
    <property name="sun.java.launcher" value="SUN_STANDARD"/>
    <property name="user.country" value="US"/>
    <property name="sun.boot.library.path" value="C:\Java\jdk-11.0.17\bin"/>
    <property name="sun.java.command" value="C:\Users\datng\AppData\Local\Temp\surefire15888354002486947340\surefirebooter-20230424094354471_3.jar C:\Users\datng\AppData\Local\Temp\surefire15888354002486947340 2023-04-24T09-43-53_963-jvmRun1 surefire-20230424094354471_1tmp surefire_0-20230424094354471_2tmp"/>
    <property name="jdk.debug" value="release"/>
    <property name="surefire.test.class.path" value="F:\thesis\CustomProcessor\SaveToGoogleDrive\nifi-SaveToGoogleDrive-processors\target\test-classes;F:\thesis\CustomProcessor\SaveToGoogleDrive\nifi-SaveToGoogleDrive-processors\target\classes;C:\Users\datng\.m2\repository\org\apache\nifi\nifi-api\1.19.1\nifi-api-1.19.1.jar;C:\Users\datng\.m2\repository\org\apache\nifi\nifi-utils\1.19.1\nifi-utils-1.19.1.jar;C:\Users\datng\.m2\repository\jakarta\xml\bind\jakarta.xml.bind-api\2.3.3\jakarta.xml.bind-api-2.3.3.jar;C:\Users\datng\.m2\repository\jakarta\activation\jakarta.activation-api\1.2.2\jakarta.activation-api-1.2.2.jar;C:\Users\datng\.m2\repository\org\glassfish\jaxb\jaxb-runtime\2.3.5\jaxb-runtime-2.3.5.jar;C:\Users\datng\.m2\repository\org\glassfish\jaxb\txw2\2.3.5\txw2-2.3.5.jar;C:\Users\datng\.m2\repository\com\sun\istack\istack-commons-runtime\3.0.12\istack-commons-runtime-3.0.12.jar;C:\Users\datng\.m2\repository\com\sun\activation\jakarta.activation\1.2.2\jakarta.activation-1.2.2.jar;C:\Users\datng\.m2\repository\org\apache\nifi\nifi-mock\1.19.1\nifi-mock-1.19.1.jar;C:\Users\datng\.m2\repository\org\apache\nifi\nifi-framework-api\1.19.1\nifi-framework-api-1.19.1.jar;C:\Users\datng\.m2\repository\org\apache\nifi\nifi-parameter\1.19.1\nifi-parameter-1.19.1.jar;C:\Users\datng\.m2\repository\org\apache\nifi\nifi-framework-core-api\1.19.1\nifi-framework-core-api-1.19.1.jar;C:\Users\datng\.m2\repository\org\apache\nifi\nifi-framework-nar-utils\1.19.1\nifi-framework-nar-utils-1.19.1.jar;C:\Users\datng\.m2\repository\org\apache\nifi\nifi-runtime-manifest-core\1.19.1\nifi-runtime-manifest-core-1.19.1.jar;C:\Users\datng\.m2\repository\org\apache\nifi\nifi-extension-manifest-model\1.19.1\nifi-extension-manifest-model-1.19.1.jar;C:\Users\datng\.m2\repository\org\apache\nifi\nifi-extension-manifest-parser\1.19.1\nifi-extension-manifest-parser-1.19.1.jar;C:\Users\datng\.m2\repository\org\apache\nifi\nifi-client-dto\1.19.1\nifi-client-dto-1.19.1.jar;C:\Users\datng\.m2\repository\io\swagger\swagger-annotations\1.6.6\swagger-annotations-1.6.6.jar;C:\Users\datng\.m2\repository\org\apache\nifi\c2-protocol-component-api\1.19.1\c2-protocol-component-api-1.19.1.jar;C:\Users\datng\.m2\repository\org\apache\nifi\nifi-site-to-site-client\1.19.1\nifi-site-to-site-client-1.19.1.jar;C:\Users\datng\.m2\repository\org\apache\nifi\nifi-security-utils\1.19.1\nifi-security-utils-1.19.1.jar;C:\Users\datng\.m2\repository\org\apache\nifi\nifi-deprecation-log\1.19.1\nifi-deprecation-log-1.19.1.jar;C:\Users\datng\.m2\repository\org\bouncycastle\bcprov-jdk18on\1.71\bcprov-jdk18on-1.71.jar;C:\Users\datng\.m2\repository\org\bouncycastle\bcpkix-jdk18on\1.71\bcpkix-jdk18on-1.71.jar;C:\Users\datng\.m2\repository\org\bouncycastle\bcutil-jdk18on\1.71\bcutil-jdk18on-1.71.jar;C:\Users\datng\.m2\repository\org\apache\nifi\nifi-properties\1.19.1\nifi-properties-1.19.1.jar;C:\Users\datng\.m2\repository\org\apache\nifi\nifi-property-utils\1.19.1\nifi-property-utils-1.19.1.jar;C:\Users\datng\.m2\repository\at\favre\lib\bcrypt\0.9.0\bcrypt-0.9.0.jar;C:\Users\datng\.m2\repository\at\favre\lib\bytes\1.3.0\bytes-1.3.0.jar;C:\Users\datng\.m2\repository\org\apache\nifi\nifi-security-utils-api\1.19.1\nifi-security-utils-api-1.19.1.jar;C:\Users\datng\.m2\repository\org\apache\nifi\nifi-security-ssl\1.19.1\nifi-security-ssl-1.19.1.jar;C:\Users\datng\.m2\repository\org\apache\nifi\nifi-xml-processing\1.19.1\nifi-xml-processing-1.19.1.jar;C:\Users\datng\.m2\repository\org\apache\httpcomponents\client5\httpclient5\5.0-beta4\httpclient5-5.0-beta4.jar;C:\Users\datng\.m2\repository\org\apache\httpcomponents\core5\httpcore5\5.0-beta7\httpcore5-5.0-beta7.jar;C:\Users\datng\.m2\repository\org\apache\httpcomponents\core5\httpcore5-h2\5.0-beta7\httpcore5-h2-5.0-beta7.jar;C:\Users\datng\.m2\repository\org\apache\httpcomponents\httpasyncclient\4.1.5\httpasyncclient-4.1.5.jar;C:\Users\datng\.m2\repository\org\apache\httpcomponents\httpcore-nio\4.4.15\httpcore-nio-4.4.15.jar;C:\Users\datng\.m2\repository\javax\validation\validation-api\2.0.1.Final\validation-api-2.0.1.Final.jar;C:\Users\datng\.m2\repository\org\apache\commons\commons-lang3\3.12.0\commons-lang3-3.12.0.jar;C:\Users\datng\.m2\repository\org\apache\nifi\nifi-framework-authorization\1.19.1\nifi-framework-authorization-1.19.1.jar;C:\Users\datng\.m2\repository\org\apache\nifi\nifi-expression-language\1.19.1\nifi-expression-language-1.19.1.jar;C:\Users\datng\.m2\repository\org\antlr\antlr-runtime\3.5.2\antlr-runtime-3.5.2.jar;C:\Users\datng\.m2\repository\org\apache\nifi\nifi-uuid5\1.19.1\nifi-uuid5-1.19.1.jar;C:\Users\datng\.m2\repository\com\jayway\jsonpath\json-path\2.6.0\json-path-2.6.0.jar;C:\Users\datng\.m2\repository\net\minidev\json-smart\2.4.8\json-smart-2.4.8.jar;C:\Users\datng\.m2\repository\net\minidev\accessors-smart\2.4.8\accessors-smart-2.4.8.jar;C:\Users\datng\.m2\repository\org\ow2\asm\asm\9.1\asm-9.1.jar;C:\Users\datng\.m2\repository\org\apache\commons\commons-text\1.10.0\commons-text-1.10.0.jar;C:\Users\datng\.m2\repository\org\apache\nifi\nifi-data-provenance-utils\1.19.1\nifi-data-provenance-utils-1.19.1.jar;C:\Users\datng\.m2\repository\org\slf4j\slf4j-simple\1.7.36\slf4j-simple-1.7.36.jar;C:\Users\datng\.m2\repository\org\slf4j\slf4j-api\1.7.36\slf4j-api-1.7.36.jar;C:\Users\datng\.m2\repository\org\junit\jupiter\junit-jupiter-api\5.9.1\junit-jupiter-api-5.9.1.jar;C:\Users\datng\.m2\repository\org\opentest4j\opentest4j\1.2.0\opentest4j-1.2.0.jar;C:\Users\datng\.m2\repository\org\junit\platform\junit-platform-commons\1.9.1\junit-platform-commons-1.9.1.jar;C:\Users\datng\.m2\repository\org\apiguardian\apiguardian-api\1.1.2\apiguardian-api-1.1.2.jar;C:\Users\datng\.m2\repository\org\junit\jupiter\junit-jupiter-engine\5.9.1\junit-jupiter-engine-5.9.1.jar;C:\Users\datng\.m2\repository\org\junit\platform\junit-platform-engine\1.9.1\junit-platform-engine-1.9.1.jar;C:\Users\datng\.m2\repository\com\google\api-client\google-api-client\2.2.0\google-api-client-2.2.0.jar;C:\Users\datng\.m2\repository\commons-codec\commons-codec\1.15\commons-codec-1.15.jar;C:\Users\datng\.m2\repository\com\google\oauth-client\google-oauth-client\1.34.1\google-oauth-client-1.34.1.jar;C:\Users\datng\.m2\repository\com\google\http-client\google-http-client-gson\1.42.3\google-http-client-gson-1.42.3.jar;C:\Users\datng\.m2\repository\com\google\code\gson\gson\2.10\gson-2.10.jar;C:\Users\datng\.m2\repository\com\google\guava\guava\31.1-jre\guava-31.1-jre.jar;C:\Users\datng\.m2\repository\com\google\guava\failureaccess\1.0.1\failureaccess-1.0.1.jar;C:\Users\datng\.m2\repository\com\google\guava\listenablefuture\9999.0-empty-to-avoid-conflict-with-guava\listenablefuture-9999.0-empty-to-avoid-conflict-with-guava.jar;C:\Users\datng\.m2\repository\org\checkerframework\checker-qual\3.12.0\checker-qual-3.12.0.jar;C:\Users\datng\.m2\repository\com\google\errorprone\error_prone_annotations\2.11.0\error_prone_annotations-2.11.0.jar;C:\Users\datng\.m2\repository\com\google\j2objc\j2objc-annotations\1.3\j2objc-annotations-1.3.jar;C:\Users\datng\.m2\repository\com\google\http-client\google-http-client-apache-v2\1.42.3\google-http-client-apache-v2-1.42.3.jar;C:\Users\datng\.m2\repository\org\apache\httpcomponents\httpcore\4.4.15\httpcore-4.4.15.jar;C:\Users\datng\.m2\repository\org\apache\httpcomponents\httpclient\4.5.13\httpclient-4.5.13.jar;C:\Users\datng\.m2\repository\com\google\http-client\google-http-client\1.42.3\google-http-client-1.42.3.jar;C:\Users\datng\.m2\repository\io\opencensus\opencensus-api\0.31.1\opencensus-api-0.31.1.jar;C:\Users\datng\.m2\repository\io\grpc\grpc-context\1.27.2\grpc-context-1.27.2.jar;C:\Users\datng\.m2\repository\io\opencensus\opencensus-contrib-http-util\0.31.1\opencensus-contrib-http-util-0.31.1.jar;C:\Users\datng\.m2\repository\com\google\apis\google-api-services-drive\v3-rev20230212-2.0.0\google-api-services-drive-v3-rev20230212-2.0.0.jar;C:\Users\datng\.m2\repository\com\google\oauth-client\google-oauth-client-java6\1.34.1\google-oauth-client-java6-1.34.1.jar;C:\Users\datng\.m2\repository\com\google\oauth-client\google-oauth-client-jetty\1.34.1\google-oauth-client-jetty-1.34.1.jar;C:\Users\datng\.m2\repository\com\google\auth\google-auth-library-oauth2-http\1.16.0\google-auth-library-oauth2-http-1.16.0.jar;C:\Users\datng\.m2\repository\com\google\auto\value\auto-value-annotations\1.10.1\auto-value-annotations-1.10.1.jar;C:\Users\datng\.m2\repository\com\google\code\findbugs\jsr305\3.0.2\jsr305-3.0.2.jar;C:\Users\datng\.m2\repository\com\google\auth\google-auth-library-credentials\1.16.0\google-auth-library-credentials-1.16.0.jar;C:\Users\datng\.m2\repository\org\apache\nifi\nifi-gcp-services-api\1.19.1\nifi-gcp-services-api-1.19.1.jar;C:\Users\datng\.m2\repository\com\github\stephenc\findbugs\findbugs-annotations\1.3.9-1\findbugs-annotations-1.3.9-1.jar;C:\Users\datng\.m2\repository\com\fasterxml\jackson\core\jackson-databind\2.14.1\jackson-databind-2.14.1.jar;C:\Users\datng\.m2\repository\com\fasterxml\jackson\core\jackson-annotations\2.14.1\jackson-annotations-2.14.1.jar;C:\Users\datng\.m2\repository\com\fasterxml\jackson\core\jackson-core\2.14.1\jackson-core-2.14.1.jar;C:\Users\datng\.m2\repository\org\junit\vintage\junit-vintage-engine\5.9.1\junit-vintage-engine-5.9.1.jar;C:\Users\datng\.m2\repository\junit\junit\4.13.2\junit-4.13.2.jar;C:\Users\datng\.m2\repository\org\hamcrest\hamcrest-core\1.3\hamcrest-core-1.3.jar;C:\Users\datng\.m2\repository\org\junit\jupiter\junit-jupiter-params\5.9.1\junit-jupiter-params-5.9.1.jar;C:\Users\datng\.m2\repository\org\mockito\mockito-core\3.12.4\mockito-core-3.12.4.jar;C:\Users\datng\.m2\repository\net\bytebuddy\byte-buddy\1.11.13\byte-buddy-1.11.13.jar;C:\Users\datng\.m2\repository\net\bytebuddy\byte-buddy-agent\1.11.13\byte-buddy-agent-1.11.13.jar;C:\Users\datng\.m2\repository\org\objenesis\objenesis\3.2\objenesis-3.2.jar;C:\Users\datng\.m2\repository\org\mockito\mockito-junit-jupiter\3.12.4\mockito-junit-jupiter-3.12.4.jar;C:\Users\datng\.m2\repository\org\codehaus\groovy\groovy-test\3.0.9\groovy-test-3.0.9.jar;C:\Users\datng\.m2\repository\org\codehaus\groovy\groovy\3.0.9\groovy-3.0.9.jar;"/>
    <property name="sun.cpu.endian" value="little"/>
    <property name="user.home" value="C:\Users\datng"/>
    <property name="user.language" value="en"/>
    <property name="java.specification.vendor" value="Oracle Corporation"/>
    <property name="java.version.date" value="2022-10-18"/>
    <property name="java.home" value="C:\Java\jdk-11.0.17"/>
    <property name="file.separator" value="\"/>
    <property name="basedir" value="F:\thesis\CustomProcessor\SaveToGoogleDrive\nifi-SaveToGoogleDrive-processors"/>
    <property name="java.vm.compressedOopsMode" value="32-bit"/>
    <property name="line.separator" value="&#10;"/>
    <property name="java.specification.name" value="Java Platform API Specification"/>
    <property name="java.vm.specification.vendor" value="Oracle Corporation"/>
    <property name="java.awt.graphicsenv" value="sun.awt.Win32GraphicsEnvironment"/>
    <property name="java.awt.headless" value="true"/>
    <property name="surefire.real.class.path" value="C:\Users\datng\AppData\Local\Temp\surefire15888354002486947340\surefirebooter-20230424094354471_3.jar"/>
    <property name="user.script" value=""/>
    <property name="sun.management.compiler" value="HotSpot 64-Bit Tiered Compilers"/>
    <property name="java.runtime.version" value="11.0.17+10-LTS-269"/>
    <property name="user.name" value="datng"/>
    <property name="path.separator" value=";"/>
    <property name="os.version" value="10.0"/>
    <property name="java.runtime.name" value="Java(TM) SE Runtime Environment"/>
    <property name="file.encoding" value="Cp1252"/>
    <property name="java.vm.name" value="Java HotSpot(TM) 64-Bit Server VM"/>
    <property name="java.vendor.version" value="18.9"/>
    <property name="localRepository" value="C:\Users\datng\.m2\repository"/>
    <property name="java.vendor.url.bug" value="https://bugreport.java.com/bugreport/"/>
    <property name="java.io.tmpdir" value="C:\Users\datng\AppData\Local\Temp\"/>
    <property name="java.version" value="11.0.17"/>
    <property name="user.dir" value="F:\thesis\CustomProcessor\SaveToGoogleDrive\nifi-SaveToGoogleDrive-processors"/>
    <property name="os.arch" value="amd64"/>
    <property name="java.vm.specification.name" value="Java Virtual Machine Specification"/>
    <property name="java.awt.printerjob" value="sun.awt.windows.WPrinterJob"/>
    <property name="sun.os.patch.level" value=""/>
    <property name="java.library.path" value="C:\Java\jdk-11.0.17\bin;C:\WINDOWS\Sun\Java\bin;C:\WINDOWS\system32;C:\WINDOWS;C:\Program Files\Common Files\Oracle\Java\javapath;C:\Program Files (x86)\Common Files\Oracle\Java\javapath;C:\WINDOWS\system32;C:\WINDOWS;C:\WINDOWS\System32\Wbem;C:\WINDOWS\System32\WindowsPowerShell\v1.0\;C:\WINDOWS\System32\OpenSSH\;C:\Program Files (x86)\gnupg\bin;C:\Users\datng\AppData\Local\Packages\PythonSoftwareFoundation.Python.3.9_qbz5n2kfra8p0\LocalCache\local-packages\Python39\Scripts;C:\Program Files\nodejs\;C:\Python39;C:\Python39\Scripts;C:\Program Files\Git\cmd;F:\thesis\hadoop-3.3.4\bin;C:\Java\jdk1.8.0_351\bin;C:\Java\jdk-11.0.17\bin;C:\Program Files\JetBrains\IntelliJ IDEA Community Edition 2022.2.3\plugins\maven\lib\maven3\bin;;C:\Program Files\Certbot\bin;C:\Program Files\Docker\Docker\resources\bin;C:\Program Files\Common Files\Oracle\Java\javapath;C:\Program Files (x86)\Common Files\Oracle\Java\javapath;C:\WINDOWS\system32;C:\WINDOWS;C:\WINDOWS\System32\Wbem;C:\WINDOWS\System32\WindowsPowerShell\v1.0\;C:\WINDOWS\System32\OpenSSH\;C:\Program Files (x86)\gnupg\bin;C:\Users\datng\AppData\Local\Packages\PythonSoftwareFoundation.Python.3.9_qbz5n2kfra8p0\LocalCache\local-packages\Python39\Scripts;C:\Program Files\nodejs\;C:\Python39;C:\Python39\Scripts;C:\Program Files\Git\cmd;F:\thesis\hadoop-3.3.4\bin;C:\Java\jdk1.8.0_351\bin;C:\Java\jdk-11.0.17\bin;C:\Program Files\JetBrains\IntelliJ IDEA Community Edition 2022.2.3\plugins\maven\lib\maven3\bin;;C:\Program Files\Certbot\bin;C:\Program Files\Docker\Docker\resources\bin;C:\Program Files\nodejs\;C:\Users\datng\AppData\Local\Programs\Microsoft VS Code\bin;C:\Program Files\mingw64\bin;C:\Users\datng\AppData\Roaming\npm;C:\cygwin64\bin;C:\Users\datng\AppData\Local\Microsoft\WindowsApps;C:\Program Files\JetBrains\IntelliJ IDEA Community Edition 2022.2.3\bin;;C:\Program Files\Azure Data Studio\bin;C:\Users\datng\AppData\Local\Programs\Python\Python311\Scripts;C:\Java\jdk1.8.0_351\bin;C:\Java\jre1.8.0_351\bin;C:\Java\jdk-11.0.17\bin;;."/>
    <property name="java.vendor" value="Oracle Corporation"/>
    <property name="java.vm.info" value="mixed mode"/>
    <property name="java.vm.version" value="11.0.17+10-LTS-269"/>
    <property name="sun.io.unicode.encoding" value="UnicodeLittle"/>
    <property name="java.class.version" value="55.0"/>
  </properties>
  <testcase name="testProcessor" classname="org.example.processors.SaveToGoogleDrive.SaveToGoogleDriveTest" time="0.29"/>
</testsuite>